<?xml version="1.0" encoding="UTF-8"?>
<testsuite xmlns:xsi="http://www.w3.org/2001/XMLSchema-instance" xsi:noNamespaceSchemaLocation="https://maven.apache.org/surefire/maven-surefire-plugin/xsd/surefire-test-report.xsd" name="com.ylc.emsdepartments.EmsDepartmentsApplicationTests" time="17.081" tests="1" errors="0" skipped="0" failures="0">
  <properties>
    <property name="sun.desktop" value="windows"/>
    <property name="awt.toolkit" value="sun.awt.windows.WToolkit"/>
    <property name="java.specification.version" value="11"/>
    <property name="sun.cpu.isalist" value="amd64"/>
    <property name="sun.jnu.encoding" value="GBK"/>
    <property name="java.class.path" value="E:\JavaEEcode\spring-cloud-docker-master\ems-departments\target\test-classes;E:\JavaEEcode\spring-cloud-docker-master\ems-departments\target\classes;E:\apache-maven-3.9.2\repo\com\ylc\ems-commons\1.0-SNAPSHOT\ems-commons-1.0-SNAPSHOT.jar;E:\apache-maven-3.9.2\repo\org\springframework\boot\spring-boot-starter-web\2.2.5.RELEASE\spring-boot-starter-web-2.2.5.RELEASE.jar;E:\apache-maven-3.9.2\repo\org\springframework\boot\spring-boot-starter-json\2.2.5.RELEASE\spring-boot-starter-json-2.2.5.RELEASE.jar;E:\apache-maven-3.9.2\repo\com\fasterxml\jackson\core\jackson-databind\2.10.2\jackson-databind-2.10.2.jar;E:\apache-maven-3.9.2\repo\com\fasterxml\jackson\datatype\jackson-datatype-jdk8\2.10.2\jackson-datatype-jdk8-2.10.2.jar;E:\apache-maven-3.9.2\repo\com\fasterxml\jackson\datatype\jackson-datatype-jsr310\2.10.2\jackson-datatype-jsr310-2.10.2.jar;E:\apache-maven-3.9.2\repo\com\fasterxml\jackson\module\jackson-module-parameter-names\2.10.2\jackson-module-parameter-names-2.10.2.jar;E:\apache-maven-3.9.2\repo\org\springframework\boot\spring-boot-starter-tomcat\2.2.5.RELEASE\spring-boot-starter-tomcat-2.2.5.RELEASE.jar;E:\apache-maven-3.9.2\repo\org\apache\tomcat\embed\tomcat-embed-core\9.0.31\tomcat-embed-core-9.0.31.jar;E:\apache-maven-3.9.2\repo\org\apache\tomcat\embed\tomcat-embed-el\9.0.31\tomcat-embed-el-9.0.31.jar;E:\apache-maven-3.9.2\repo\org\apache\tomcat\embed\tomcat-embed-websocket\9.0.31\tomcat-embed-websocket-9.0.31.jar;E:\apache-maven-3.9.2\repo\org\springframework\boot\spring-boot-starter-validation\2.2.5.RELEASE\spring-boot-starter-validation-2.2.5.RELEASE.jar;E:\apache-maven-3.9.2\repo\jakarta\validation\jakarta.validation-api\2.0.2\jakarta.validation-api-2.0.2.jar;E:\apache-maven-3.9.2\repo\org\hibernate\validator\hibernate-validator\6.0.18.Final\hibernate-validator-6.0.18.Final.jar;E:\apache-maven-3.9.2\repo\org\jboss\logging\jboss-logging\3.4.1.Final\jboss-logging-3.4.1.Final.jar;E:\apache-maven-3.9.2\repo\com\fasterxml\classmate\1.5.1\classmate-1.5.1.jar;E:\apache-maven-3.9.2\repo\org\springframework\spring-web\5.2.4.RELEASE\spring-web-5.2.4.RELEASE.jar;E:\apache-maven-3.9.2\repo\org\springframework\spring-beans\5.2.4.RELEASE\spring-beans-5.2.4.RELEASE.jar;E:\apache-maven-3.9.2\repo\org\springframework\spring-webmvc\5.2.4.RELEASE\spring-webmvc-5.2.4.RELEASE.jar;E:\apache-maven-3.9.2\repo\org\springframework\spring-aop\5.2.4.RELEASE\spring-aop-5.2.4.RELEASE.jar;E:\apache-maven-3.9.2\repo\org\springframework\spring-context\5.2.4.RELEASE\spring-context-5.2.4.RELEASE.jar;E:\apache-maven-3.9.2\repo\org\springframework\spring-expression\5.2.4.RELEASE\spring-expression-5.2.4.RELEASE.jar;E:\apache-maven-3.9.2\repo\com\alibaba\cloud\spring-cloud-starter-alibaba-nacos-discovery\2.2.1.RELEASE\spring-cloud-starter-alibaba-nacos-discovery-2.2.1.RELEASE.jar;E:\apache-maven-3.9.2\repo\com\alibaba\nacos\nacos-client\1.2.1\nacos-client-1.2.1.jar;E:\apache-maven-3.9.2\repo\com\alibaba\nacos\nacos-common\1.2.1\nacos-common-1.2.1.jar;E:\apache-maven-3.9.2\repo\commons-io\commons-io\2.2\commons-io-2.2.jar;E:\apache-maven-3.9.2\repo\org\apache\commons\commons-lang3\3.9\commons-lang3-3.9.jar;E:\apache-maven-3.9.2\repo\com\alibaba\nacos\nacos-api\1.2.1\nacos-api-1.2.1.jar;E:\apache-maven-3.9.2\repo\com\alibaba\fastjson\1.2.58\fastjson-1.2.58.jar;E:\apache-maven-3.9.2\repo\com\google\guava\guava\22.0\guava-22.0.jar;E:\apache-maven-3.9.2\repo\com\google\code\findbugs\jsr305\1.3.9\jsr305-1.3.9.jar;E:\apache-maven-3.9.2\repo\com\google\errorprone\error_prone_annotations\2.0.18\error_prone_annotations-2.0.18.jar;E:\apache-maven-3.9.2\repo\com\google\j2objc\j2objc-annotations\1.1\j2objc-annotations-1.1.jar;E:\apache-maven-3.9.2\repo\org\codehaus\mojo\animal-sniffer-annotations\1.14\animal-sniffer-annotations-1.14.jar;E:\apache-maven-3.9.2\repo\commons-codec\commons-codec\1.13\commons-codec-1.13.jar;E:\apache-maven-3.9.2\repo\com\fasterxml\jackson\core\jackson-core\2.10.2\jackson-core-2.10.2.jar;E:\apache-maven-3.9.2\repo\io\prometheus\simpleclient\0.5.0\simpleclient-0.5.0.jar;E:\apache-maven-3.9.2\repo\com\alibaba\spring\spring-context-support\1.0.6\spring-context-support-1.0.6.jar;E:\apache-maven-3.9.2\repo\org\springframework\cloud\spring-cloud-commons\2.2.1.RELEASE\spring-cloud-commons-2.2.1.RELEASE.jar;E:\apache-maven-3.9.2\repo\org\springframework\security\spring-security-crypto\5.2.2.RELEASE\spring-security-crypto-5.2.2.RELEASE.jar;E:\apache-maven-3.9.2\repo\org\springframework\cloud\spring-cloud-context\2.2.1.RELEASE\spring-cloud-context-2.2.1.RELEASE.jar;E:\apache-maven-3.9.2\repo\org\springframework\cloud\spring-cloud-starter-netflix-ribbon\2.2.1.RELEASE\spring-cloud-starter-netflix-ribbon-2.2.1.RELEASE.jar;E:\apache-maven-3.9.2\repo\org\springframework\cloud\spring-cloud-netflix-ribbon\2.2.1.RELEASE\spring-cloud-netflix-ribbon-2.2.1.RELEASE.jar;E:\apache-maven-3.9.2\repo\org\springframework\cloud\spring-cloud-netflix-archaius\2.2.1.RELEASE\spring-cloud-netflix-archaius-2.2.1.RELEASE.jar;E:\apache-maven-3.9.2\repo\org\springframework\cloud\spring-cloud-starter-netflix-archaius\2.2.1.RELEASE\spring-cloud-starter-netflix-archaius-2.2.1.RELEASE.jar;E:\apache-maven-3.9.2\repo\commons-configuration\commons-configuration\1.8\commons-configuration-1.8.jar;E:\apache-maven-3.9.2\repo\com\netflix\ribbon\ribbon\2.3.0\ribbon-2.3.0.jar;E:\apache-maven-3.9.2\repo\com\netflix\ribbon\ribbon-transport\2.3.0\ribbon-transport-2.3.0.jar;E:\apache-maven-3.9.2\repo\io\reactivex\rxnetty-contexts\0.4.9\rxnetty-contexts-0.4.9.jar;E:\apache-maven-3.9.2\repo\io\reactivex\rxnetty-servo\0.4.9\rxnetty-servo-0.4.9.jar;E:\apache-maven-3.9.2\repo\javax\inject\javax.inject\1\javax.inject-1.jar;E:\apache-maven-3.9.2\repo\io\reactivex\rxnetty\0.4.9\rxnetty-0.4.9.jar;E:\apache-maven-3.9.2\repo\com\netflix\ribbon\ribbon-core\2.3.0\ribbon-core-2.3.0.jar;E:\apache-maven-3.9.2\repo\commons-lang\commons-lang\2.6\commons-lang-2.6.jar;E:\apache-maven-3.9.2\repo\com\netflix\ribbon\ribbon-httpclient\2.3.0\ribbon-httpclient-2.3.0.jar;E:\apache-maven-3.9.2\repo\commons-collections\commons-collections\3.2.2\commons-collections-3.2.2.jar;E:\apache-maven-3.9.2\repo\org\apache\httpcomponents\httpclient\4.5.11\httpclient-4.5.11.jar;E:\apache-maven-3.9.2\repo\org\apache\httpcomponents\httpcore\4.4.13\httpcore-4.4.13.jar;E:\apache-maven-3.9.2\repo\com\sun\jersey\jersey-client\1.19.1\jersey-client-1.19.1.jar;E:\apache-maven-3.9.2\repo\com\sun\jersey\jersey-core\1.19.1\jersey-core-1.19.1.jar;E:\apache-maven-3.9.2\repo\javax\ws\rs\jsr311-api\1.1.1\jsr311-api-1.1.1.jar;E:\apache-maven-3.9.2\repo\com\sun\jersey\contribs\jersey-apache-client4\1.19.1\jersey-apache-client4-1.19.1.jar;E:\apache-maven-3.9.2\repo\com\netflix\servo\servo-core\0.12.21\servo-core-0.12.21.jar;E:\apache-maven-3.9.2\repo\com\netflix\netflix-commons\netflix-commons-util\0.3.0\netflix-commons-util-0.3.0.jar;E:\apache-maven-3.9.2\repo\com\netflix\ribbon\ribbon-loadbalancer\2.3.0\ribbon-loadbalancer-2.3.0.jar;E:\apache-maven-3.9.2\repo\com\netflix\netflix-commons\netflix-statistics\0.1.1\netflix-statistics-0.1.1.jar;E:\apache-maven-3.9.2\repo\io\reactivex\rxjava\1.3.8\rxjava-1.3.8.jar;E:\apache-maven-3.9.2\repo\com\alibaba\druid\1.2.6\druid-1.2.6.jar;E:\apache-maven-3.9.2\repo\mysql\mysql-connector-java\8.0.23\mysql-connector-java-8.0.23.jar;E:\apache-maven-3.9.2\repo\com\google\protobuf\protobuf-java\3.11.4\protobuf-java-3.11.4.jar;E:\apache-maven-3.9.2\repo\org\mybatis\spring\boot\mybatis-spring-boot-starter\2.2.0\mybatis-spring-boot-starter-2.2.0.jar;E:\apache-maven-3.9.2\repo\org\springframework\boot\spring-boot-starter-jdbc\2.2.5.RELEASE\spring-boot-starter-jdbc-2.2.5.RELEASE.jar;E:\apache-maven-3.9.2\repo\com\zaxxer\HikariCP\3.4.2\HikariCP-3.4.2.jar;E:\apache-maven-3.9.2\repo\org\springframework\spring-jdbc\5.2.4.RELEASE\spring-jdbc-5.2.4.RELEASE.jar;E:\apache-maven-3.9.2\repo\org\springframework\spring-tx\5.2.4.RELEASE\spring-tx-5.2.4.RELEASE.jar;E:\apache-maven-3.9.2\repo\org\mybatis\spring\boot\mybatis-spring-boot-autoconfigure\2.2.0\mybatis-spring-boot-autoconfigure-2.2.0.jar;E:\apache-maven-3.9.2\repo\org\mybatis\mybatis\3.5.7\mybatis-3.5.7.jar;E:\apache-maven-3.9.2\repo\org\mybatis\mybatis-spring\2.0.6\mybatis-spring-2.0.6.jar;E:\apache-maven-3.9.2\repo\org\springframework\cloud\spring-cloud-starter-openfeign\2.2.1.RELEASE\spring-cloud-starter-openfeign-2.2.1.RELEASE.jar;E:\apache-maven-3.9.2\repo\org\springframework\cloud\spring-cloud-starter\2.2.1.RELEASE\spring-cloud-starter-2.2.1.RELEASE.jar;E:\apache-maven-3.9.2\repo\org\springframework\security\spring-security-rsa\1.0.9.RELEASE\spring-security-rsa-1.0.9.RELEASE.jar;E:\apache-maven-3.9.2\repo\org\bouncycastle\bcpkix-jdk15on\1.64\bcpkix-jdk15on-1.64.jar;E:\apache-maven-3.9.2\repo\org\bouncycastle\bcprov-jdk15on\1.64\bcprov-jdk15on-1.64.jar;E:\apache-maven-3.9.2\repo\org\springframework\cloud\spring-cloud-openfeign-core\2.2.1.RELEASE\spring-cloud-openfeign-core-2.2.1.RELEASE.jar;E:\apache-maven-3.9.2\repo\org\springframework\boot\spring-boot-starter-aop\2.2.5.RELEASE\spring-boot-starter-aop-2.2.5.RELEASE.jar;E:\apache-maven-3.9.2\repo\org\aspectj\aspectjweaver\1.9.5\aspectjweaver-1.9.5.jar;E:\apache-maven-3.9.2\repo\io\github\openfeign\form\feign-form-spring\3.8.0\feign-form-spring-3.8.0.jar;E:\apache-maven-3.9.2\repo\io\github\openfeign\form\feign-form\3.8.0\feign-form-3.8.0.jar;E:\apache-maven-3.9.2\repo\commons-fileupload\commons-fileupload\1.4\commons-fileupload-1.4.jar;E:\apache-maven-3.9.2\repo\io\github\openfeign\feign-core\10.4.0\feign-core-10.4.0.jar;E:\apache-maven-3.9.2\repo\io\github\openfeign\feign-slf4j\10.4.0\feign-slf4j-10.4.0.jar;E:\apache-maven-3.9.2\repo\io\github\openfeign\feign-hystrix\10.4.0\feign-hystrix-10.4.0.jar;E:\apache-maven-3.9.2\repo\com\netflix\archaius\archaius-core\0.7.6\archaius-core-0.7.6.jar;E:\apache-maven-3.9.2\repo\com\netflix\hystrix\hystrix-core\1.5.18\hystrix-core-1.5.18.jar;E:\apache-maven-3.9.2\repo\org\hdrhistogram\HdrHistogram\2.1.9\HdrHistogram-2.1.9.jar;E:\apache-maven-3.9.2\repo\com\fasterxml\jackson\core\jackson-annotations\2.10.2\jackson-annotations-2.10.2.jar;E:\apache-maven-3.9.2\repo\org\springframework\boot\spring-boot-starter-test\2.2.5.RELEASE\spring-boot-starter-test-2.2.5.RELEASE.jar;E:\apache-maven-3.9.2\repo\org\springframework\boot\spring-boot-starter\2.2.5.RELEASE\spring-boot-starter-2.2.5.RELEASE.jar;E:\apache-maven-3.9.2\repo\org\springframework\boot\spring-boot\2.2.5.RELEASE\spring-boot-2.2.5.RELEASE.jar;E:\apache-maven-3.9.2\repo\org\springframework\boot\spring-boot-autoconfigure\2.2.5.RELEASE\spring-boot-autoconfigure-2.2.5.RELEASE.jar;E:\apache-maven-3.9.2\repo\org\springframework\boot\spring-boot-starter-logging\2.2.5.RELEASE\spring-boot-starter-logging-2.2.5.RELEASE.jar;E:\apache-maven-3.9.2\repo\ch\qos\logback\logback-classic\1.2.3\logback-classic-1.2.3.jar;E:\apache-maven-3.9.2\repo\ch\qos\logback\logback-core\1.2.3\logback-core-1.2.3.jar;E:\apache-maven-3.9.2\repo\org\apache\logging\log4j\log4j-to-slf4j\2.12.1\log4j-to-slf4j-2.12.1.jar;E:\apache-maven-3.9.2\repo\org\apache\logging\log4j\log4j-api\2.12.1\log4j-api-2.12.1.jar;E:\apache-maven-3.9.2\repo\org\slf4j\jul-to-slf4j\1.7.30\jul-to-slf4j-1.7.30.jar;E:\apache-maven-3.9.2\repo\jakarta\annotation\jakarta.annotation-api\1.3.5\jakarta.annotation-api-1.3.5.jar;E:\apache-maven-3.9.2\repo\org\yaml\snakeyaml\1.25\snakeyaml-1.25.jar;E:\apache-maven-3.9.2\repo\org\springframework\boot\spring-boot-test\2.2.5.RELEASE\spring-boot-test-2.2.5.RELEASE.jar;E:\apache-maven-3.9.2\repo\org\springframework\boot\spring-boot-test-autoconfigure\2.2.5.RELEASE\spring-boot-test-autoconfigure-2.2.5.RELEASE.jar;E:\apache-maven-3.9.2\repo\com\jayway\jsonpath\json-path\2.4.0\json-path-2.4.0.jar;E:\apache-maven-3.9.2\repo\net\minidev\json-smart\2.3\json-smart-2.3.jar;E:\apache-maven-3.9.2\repo\net\minidev\accessors-smart\1.2\accessors-smart-1.2.jar;E:\apache-maven-3.9.2\repo\org\ow2\asm\asm\5.0.4\asm-5.0.4.jar;E:\apache-maven-3.9.2\repo\org\slf4j\slf4j-api\1.7.30\slf4j-api-1.7.30.jar;E:\apache-maven-3.9.2\repo\jakarta\xml\bind\jakarta.xml.bind-api\2.3.2\jakarta.xml.bind-api-2.3.2.jar;E:\apache-maven-3.9.2\repo\jakarta\activation\jakarta.activation-api\1.2.2\jakarta.activation-api-1.2.2.jar;E:\apache-maven-3.9.2\repo\org\junit\jupiter\junit-jupiter\5.5.2\junit-jupiter-5.5.2.jar;E:\apache-maven-3.9.2\repo\org\junit\jupiter\junit-jupiter-api\5.5.2\junit-jupiter-api-5.5.2.jar;E:\apache-maven-3.9.2\repo\org\opentest4j\opentest4j\1.2.0\opentest4j-1.2.0.jar;E:\apache-maven-3.9.2\repo\org\junit\platform\junit-platform-commons\1.5.2\junit-platform-commons-1.5.2.jar;E:\apache-maven-3.9.2\repo\org\junit\jupiter\junit-jupiter-params\5.5.2\junit-jupiter-params-5.5.2.jar;E:\apache-maven-3.9.2\repo\org\junit\jupiter\junit-jupiter-engine\5.5.2\junit-jupiter-engine-5.5.2.jar;E:\apache-maven-3.9.2\repo\org\junit\vintage\junit-vintage-engine\5.5.2\junit-vintage-engine-5.5.2.jar;E:\apache-maven-3.9.2\repo\org\apiguardian\apiguardian-api\1.1.0\apiguardian-api-1.1.0.jar;E:\apache-maven-3.9.2\repo\org\junit\platform\junit-platform-engine\1.5.2\junit-platform-engine-1.5.2.jar;E:\apache-maven-3.9.2\repo\junit\junit\4.12\junit-4.12.jar;E:\apache-maven-3.9.2\repo\org\mockito\mockito-junit-jupiter\3.1.0\mockito-junit-jupiter-3.1.0.jar;E:\apache-maven-3.9.2\repo\org\assertj\assertj-core\3.13.2\assertj-core-3.13.2.jar;E:\apache-maven-3.9.2\repo\org\hamcrest\hamcrest\2.1\hamcrest-2.1.jar;E:\apache-maven-3.9.2\repo\org\mockito\mockito-core\3.1.0\mockito-core-3.1.0.jar;E:\apache-maven-3.9.2\repo\net\bytebuddy\byte-buddy\1.10.8\byte-buddy-1.10.8.jar;E:\apache-maven-3.9.2\repo\net\bytebuddy\byte-buddy-agent\1.10.8\byte-buddy-agent-1.10.8.jar;E:\apache-maven-3.9.2\repo\org\objenesis\objenesis\2.6\objenesis-2.6.jar;E:\apache-maven-3.9.2\repo\org\skyscreamer\jsonassert\1.5.0\jsonassert-1.5.0.jar;E:\apache-maven-3.9.2\repo\com\vaadin\external\google\android-json\0.0.20131108.vaadin1\android-json-0.0.20131108.vaadin1.jar;E:\apache-maven-3.9.2\repo\org\springframework\spring-core\5.2.4.RELEASE\spring-core-5.2.4.RELEASE.jar;E:\apache-maven-3.9.2\repo\org\springframework\spring-jcl\5.2.4.RELEASE\spring-jcl-5.2.4.RELEASE.jar;E:\apache-maven-3.9.2\repo\org\springframework\spring-test\5.2.4.RELEASE\spring-test-5.2.4.RELEASE.jar;E:\apache-maven-3.9.2\repo\org\xmlunit\xmlunit-core\2.6.3\xmlunit-core-2.6.3.jar;"/>
    <property name="java.vm.vendor" value="Azul Systems, Inc."/>
    <property name="sun.arch.data.model" value="64"/>
    <property name="user.variant" value=""/>
    <property name="java.vendor.url" value="http://www.azul.com/"/>
    <property name="user.timezone" value="Asia/Shanghai"/>
    <property name="java.vm.specification.version" value="11"/>
    <property name="os.name" value="Windows 11"/>
    <property name="sun.java.launcher" value="SUN_STANDARD"/>
    <property name="user.country" value="CN"/>
    <property name="sun.boot.library.path" value="C:\Program Files\Java\zulu11.62.17-ca-jdk11.0.18-win_x64\bin"/>
    <property name="sun.java.command" value="C:\Users\termi\AppData\Local\Temp\surefire3031255569717640709\surefirebooter6630313924030455522.jar C:\Users\termi\AppData\Local\Temp\surefire3031255569717640709 2023-05-23T11-19-30_624-jvmRun1 surefire6590875100338616172tmp surefire_015913201922540753210tmp"/>
    <property name="jdk.debug" value="release"/>
    <property name="surefire.test.class.path" value="E:\JavaEEcode\spring-cloud-docker-master\ems-departments\target\test-classes;E:\JavaEEcode\spring-cloud-docker-master\ems-departments\target\classes;E:\apache-maven-3.9.2\repo\com\ylc\ems-commons\1.0-SNAPSHOT\ems-commons-1.0-SNAPSHOT.jar;E:\apache-maven-3.9.2\repo\org\springframework\boot\spring-boot-starter-web\2.2.5.RELEASE\spring-boot-starter-web-2.2.5.RELEASE.jar;E:\apache-maven-3.9.2\repo\org\springframework\boot\spring-boot-starter-json\2.2.5.RELEASE\spring-boot-starter-json-2.2.5.RELEASE.jar;E:\apache-maven-3.9.2\repo\com\fasterxml\jackson\core\jackson-databind\2.10.2\jackson-databind-2.10.2.jar;E:\apache-maven-3.9.2\repo\com\fasterxml\jackson\datatype\jackson-datatype-jdk8\2.10.2\jackson-datatype-jdk8-2.10.2.jar;E:\apache-maven-3.9.2\repo\com\fasterxml\jackson\datatype\jackson-datatype-jsr310\2.10.2\jackson-datatype-jsr310-2.10.2.jar;E:\apache-maven-3.9.2\repo\com\fasterxml\jackson\module\jackson-module-parameter-names\2.10.2\jackson-module-parameter-names-2.10.2.jar;E:\apache-maven-3.9.2\repo\org\springframework\boot\spring-boot-starter-tomcat\2.2.5.RELEASE\spring-boot-starter-tomcat-2.2.5.RELEASE.jar;E:\apache-maven-3.9.2\repo\org\apache\tomcat\embed\tomcat-embed-core\9.0.31\tomcat-embed-core-9.0.31.jar;E:\apache-maven-3.9.2\repo\org\apache\tomcat\embed\tomcat-embed-el\9.0.31\tomcat-embed-el-9.0.31.jar;E:\apache-maven-3.9.2\repo\org\apache\tomcat\embed\tomcat-embed-websocket\9.0.31\tomcat-embed-websocket-9.0.31.jar;E:\apache-maven-3.9.2\repo\org\springframework\boot\spring-boot-starter-validation\2.2.5.RELEASE\spring-boot-starter-validation-2.2.5.RELEASE.jar;E:\apache-maven-3.9.2\repo\jakarta\validation\jakarta.validation-api\2.0.2\jakarta.validation-api-2.0.2.jar;E:\apache-maven-3.9.2\repo\org\hibernate\validator\hibernate-validator\6.0.18.Final\hibernate-validator-6.0.18.Final.jar;E:\apache-maven-3.9.2\repo\org\jboss\logging\jboss-logging\3.4.1.Final\jboss-logging-3.4.1.Final.jar;E:\apache-maven-3.9.2\repo\com\fasterxml\classmate\1.5.1\classmate-1.5.1.jar;E:\apache-maven-3.9.2\repo\org\springframework\spring-web\5.2.4.RELEASE\spring-web-5.2.4.RELEASE.jar;E:\apache-maven-3.9.2\repo\org\springframework\spring-beans\5.2.4.RELEASE\spring-beans-5.2.4.RELEASE.jar;E:\apache-maven-3.9.2\repo\org\springframework\spring-webmvc\5.2.4.RELEASE\spring-webmvc-5.2.4.RELEASE.jar;E:\apache-maven-3.9.2\repo\org\springframework\spring-aop\5.2.4.RELEASE\spring-aop-5.2.4.RELEASE.jar;E:\apache-maven-3.9.2\repo\org\springframework\spring-context\5.2.4.RELEASE\spring-context-5.2.4.RELEASE.jar;E:\apache-maven-3.9.2\repo\org\springframework\spring-expression\5.2.4.RELEASE\spring-expression-5.2.4.RELEASE.jar;E:\apache-maven-3.9.2\repo\com\alibaba\cloud\spring-cloud-starter-alibaba-nacos-discovery\2.2.1.RELEASE\spring-cloud-starter-alibaba-nacos-discovery-2.2.1.RELEASE.jar;E:\apache-maven-3.9.2\repo\com\alibaba\nacos\nacos-client\1.2.1\nacos-client-1.2.1.jar;E:\apache-maven-3.9.2\repo\com\alibaba\nacos\nacos-common\1.2.1\nacos-common-1.2.1.jar;E:\apache-maven-3.9.2\repo\commons-io\commons-io\2.2\commons-io-2.2.jar;E:\apache-maven-3.9.2\repo\org\apache\commons\commons-lang3\3.9\commons-lang3-3.9.jar;E:\apache-maven-3.9.2\repo\com\alibaba\nacos\nacos-api\1.2.1\nacos-api-1.2.1.jar;E:\apache-maven-3.9.2\repo\com\alibaba\fastjson\1.2.58\fastjson-1.2.58.jar;E:\apache-maven-3.9.2\repo\com\google\guava\guava\22.0\guava-22.0.jar;E:\apache-maven-3.9.2\repo\com\google\code\findbugs\jsr305\1.3.9\jsr305-1.3.9.jar;E:\apache-maven-3.9.2\repo\com\google\errorprone\error_prone_annotations\2.0.18\error_prone_annotations-2.0.18.jar;E:\apache-maven-3.9.2\repo\com\google\j2objc\j2objc-annotations\1.1\j2objc-annotations-1.1.jar;E:\apache-maven-3.9.2\repo\org\codehaus\mojo\animal-sniffer-annotations\1.14\animal-sniffer-annotations-1.14.jar;E:\apache-maven-3.9.2\repo\commons-codec\commons-codec\1.13\commons-codec-1.13.jar;E:\apache-maven-3.9.2\repo\com\fasterxml\jackson\core\jackson-core\2.10.2\jackson-core-2.10.2.jar;E:\apache-maven-3.9.2\repo\io\prometheus\simpleclient\0.5.0\simpleclient-0.5.0.jar;E:\apache-maven-3.9.2\repo\com\alibaba\spring\spring-context-support\1.0.6\spring-context-support-1.0.6.jar;E:\apache-maven-3.9.2\repo\org\springframework\cloud\spring-cloud-commons\2.2.1.RELEASE\spring-cloud-commons-2.2.1.RELEASE.jar;E:\apache-maven-3.9.2\repo\org\springframework\security\spring-security-crypto\5.2.2.RELEASE\spring-security-crypto-5.2.2.RELEASE.jar;E:\apache-maven-3.9.2\repo\org\springframework\cloud\spring-cloud-context\2.2.1.RELEASE\spring-cloud-context-2.2.1.RELEASE.jar;E:\apache-maven-3.9.2\repo\org\springframework\cloud\spring-cloud-starter-netflix-ribbon\2.2.1.RELEASE\spring-cloud-starter-netflix-ribbon-2.2.1.RELEASE.jar;E:\apache-maven-3.9.2\repo\org\springframework\cloud\spring-cloud-netflix-ribbon\2.2.1.RELEASE\spring-cloud-netflix-ribbon-2.2.1.RELEASE.jar;E:\apache-maven-3.9.2\repo\org\springframework\cloud\spring-cloud-netflix-archaius\2.2.1.RELEASE\spring-cloud-netflix-archaius-2.2.1.RELEASE.jar;E:\apache-maven-3.9.2\repo\org\springframework\cloud\spring-cloud-starter-netflix-archaius\2.2.1.RELEASE\spring-cloud-starter-netflix-archaius-2.2.1.RELEASE.jar;E:\apache-maven-3.9.2\repo\commons-configuration\commons-configuration\1.8\commons-configuration-1.8.jar;E:\apache-maven-3.9.2\repo\com\netflix\ribbon\ribbon\2.3.0\ribbon-2.3.0.jar;E:\apache-maven-3.9.2\repo\com\netflix\ribbon\ribbon-transport\2.3.0\ribbon-transport-2.3.0.jar;E:\apache-maven-3.9.2\repo\io\reactivex\rxnetty-contexts\0.4.9\rxnetty-contexts-0.4.9.jar;E:\apache-maven-3.9.2\repo\io\reactivex\rxnetty-servo\0.4.9\rxnetty-servo-0.4.9.jar;E:\apache-maven-3.9.2\repo\javax\inject\javax.inject\1\javax.inject-1.jar;E:\apache-maven-3.9.2\repo\io\reactivex\rxnetty\0.4.9\rxnetty-0.4.9.jar;E:\apache-maven-3.9.2\repo\com\netflix\ribbon\ribbon-core\2.3.0\ribbon-core-2.3.0.jar;E:\apache-maven-3.9.2\repo\commons-lang\commons-lang\2.6\commons-lang-2.6.jar;E:\apache-maven-3.9.2\repo\com\netflix\ribbon\ribbon-httpclient\2.3.0\ribbon-httpclient-2.3.0.jar;E:\apache-maven-3.9.2\repo\commons-collections\commons-collections\3.2.2\commons-collections-3.2.2.jar;E:\apache-maven-3.9.2\repo\org\apache\httpcomponents\httpclient\4.5.11\httpclient-4.5.11.jar;E:\apache-maven-3.9.2\repo\org\apache\httpcomponents\httpcore\4.4.13\httpcore-4.4.13.jar;E:\apache-maven-3.9.2\repo\com\sun\jersey\jersey-client\1.19.1\jersey-client-1.19.1.jar;E:\apache-maven-3.9.2\repo\com\sun\jersey\jersey-core\1.19.1\jersey-core-1.19.1.jar;E:\apache-maven-3.9.2\repo\javax\ws\rs\jsr311-api\1.1.1\jsr311-api-1.1.1.jar;E:\apache-maven-3.9.2\repo\com\sun\jersey\contribs\jersey-apache-client4\1.19.1\jersey-apache-client4-1.19.1.jar;E:\apache-maven-3.9.2\repo\com\netflix\servo\servo-core\0.12.21\servo-core-0.12.21.jar;E:\apache-maven-3.9.2\repo\com\netflix\netflix-commons\netflix-commons-util\0.3.0\netflix-commons-util-0.3.0.jar;E:\apache-maven-3.9.2\repo\com\netflix\ribbon\ribbon-loadbalancer\2.3.0\ribbon-loadbalancer-2.3.0.jar;E:\apache-maven-3.9.2\repo\com\netflix\netflix-commons\netflix-statistics\0.1.1\netflix-statistics-0.1.1.jar;E:\apache-maven-3.9.2\repo\io\reactivex\rxjava\1.3.8\rxjava-1.3.8.jar;E:\apache-maven-3.9.2\repo\com\alibaba\druid\1.2.6\druid-1.2.6.jar;E:\apache-maven-3.9.2\repo\mysql\mysql-connector-java\8.0.23\mysql-connector-java-8.0.23.jar;E:\apache-maven-3.9.2\repo\com\google\protobuf\protobuf-java\3.11.4\protobuf-java-3.11.4.jar;E:\apache-maven-3.9.2\repo\org\mybatis\spring\boot\mybatis-spring-boot-starter\2.2.0\mybatis-spring-boot-starter-2.2.0.jar;E:\apache-maven-3.9.2\repo\org\springframework\boot\spring-boot-starter-jdbc\2.2.5.RELEASE\spring-boot-starter-jdbc-2.2.5.RELEASE.jar;E:\apache-maven-3.9.2\repo\com\zaxxer\HikariCP\3.4.2\HikariCP-3.4.2.jar;E:\apache-maven-3.9.2\repo\org\springframework\spring-jdbc\5.2.4.RELEASE\spring-jdbc-5.2.4.RELEASE.jar;E:\apache-maven-3.9.2\repo\org\springframework\spring-tx\5.2.4.RELEASE\spring-tx-5.2.4.RELEASE.jar;E:\apache-maven-3.9.2\repo\org\mybatis\spring\boot\mybatis-spring-boot-autoconfigure\2.2.0\mybatis-spring-boot-autoconfigure-2.2.0.jar;E:\apache-maven-3.9.2\repo\org\mybatis\mybatis\3.5.7\mybatis-3.5.7.jar;E:\apache-maven-3.9.2\repo\org\mybatis\mybatis-spring\2.0.6\mybatis-spring-2.0.6.jar;E:\apache-maven-3.9.2\repo\org\springframework\cloud\spring-cloud-starter-openfeign\2.2.1.RELEASE\spring-cloud-starter-openfeign-2.2.1.RELEASE.jar;E:\apache-maven-3.9.2\repo\org\springframework\cloud\spring-cloud-starter\2.2.1.RELEASE\spring-cloud-starter-2.2.1.RELEASE.jar;E:\apache-maven-3.9.2\repo\org\springframework\security\spring-security-rsa\1.0.9.RELEASE\spring-security-rsa-1.0.9.RELEASE.jar;E:\apache-maven-3.9.2\repo\org\bouncycastle\bcpkix-jdk15on\1.64\bcpkix-jdk15on-1.64.jar;E:\apache-maven-3.9.2\repo\org\bouncycastle\bcprov-jdk15on\1.64\bcprov-jdk15on-1.64.jar;E:\apache-maven-3.9.2\repo\org\springframework\cloud\spring-cloud-openfeign-core\2.2.1.RELEASE\spring-cloud-openfeign-core-2.2.1.RELEASE.jar;E:\apache-maven-3.9.2\repo\org\springframework\boot\spring-boot-starter-aop\2.2.5.RELEASE\spring-boot-starter-aop-2.2.5.RELEASE.jar;E:\apache-maven-3.9.2\repo\org\aspectj\aspectjweaver\1.9.5\aspectjweaver-1.9.5.jar;E:\apache-maven-3.9.2\repo\io\github\openfeign\form\feign-form-spring\3.8.0\feign-form-spring-3.8.0.jar;E:\apache-maven-3.9.2\repo\io\github\openfeign\form\feign-form\3.8.0\feign-form-3.8.0.jar;E:\apache-maven-3.9.2\repo\commons-fileupload\commons-fileupload\1.4\commons-fileupload-1.4.jar;E:\apache-maven-3.9.2\repo\io\github\openfeign\feign-core\10.4.0\feign-core-10.4.0.jar;E:\apache-maven-3.9.2\repo\io\github\openfeign\feign-slf4j\10.4.0\feign-slf4j-10.4.0.jar;E:\apache-maven-3.9.2\repo\io\github\openfeign\feign-hystrix\10.4.0\feign-hystrix-10.4.0.jar;E:\apache-maven-3.9.2\repo\com\netflix\archaius\archaius-core\0.7.6\archaius-core-0.7.6.jar;E:\apache-maven-3.9.2\repo\com\netflix\hystrix\hystrix-core\1.5.18\hystrix-core-1.5.18.jar;E:\apache-maven-3.9.2\repo\org\hdrhistogram\HdrHistogram\2.1.9\HdrHistogram-2.1.9.jar;E:\apache-maven-3.9.2\repo\com\fasterxml\jackson\core\jackson-annotations\2.10.2\jackson-annotations-2.10.2.jar;E:\apache-maven-3.9.2\repo\org\springframework\boot\spring-boot-starter-test\2.2.5.RELEASE\spring-boot-starter-test-2.2.5.RELEASE.jar;E:\apache-maven-3.9.2\repo\org\springframework\boot\spring-boot-starter\2.2.5.RELEASE\spring-boot-starter-2.2.5.RELEASE.jar;E:\apache-maven-3.9.2\repo\org\springframework\boot\spring-boot\2.2.5.RELEASE\spring-boot-2.2.5.RELEASE.jar;E:\apache-maven-3.9.2\repo\org\springframework\boot\spring-boot-autoconfigure\2.2.5.RELEASE\spring-boot-autoconfigure-2.2.5.RELEASE.jar;E:\apache-maven-3.9.2\repo\org\springframework\boot\spring-boot-starter-logging\2.2.5.RELEASE\spring-boot-starter-logging-2.2.5.RELEASE.jar;E:\apache-maven-3.9.2\repo\ch\qos\logback\logback-classic\1.2.3\logback-classic-1.2.3.jar;E:\apache-maven-3.9.2\repo\ch\qos\logback\logback-core\1.2.3\logback-core-1.2.3.jar;E:\apache-maven-3.9.2\repo\org\apache\logging\log4j\log4j-to-slf4j\2.12.1\log4j-to-slf4j-2.12.1.jar;E:\apache-maven-3.9.2\repo\org\apache\logging\log4j\log4j-api\2.12.1\log4j-api-2.12.1.jar;E:\apache-maven-3.9.2\repo\org\slf4j\jul-to-slf4j\1.7.30\jul-to-slf4j-1.7.30.jar;E:\apache-maven-3.9.2\repo\jakarta\annotation\jakarta.annotation-api\1.3.5\jakarta.annotation-api-1.3.5.jar;E:\apache-maven-3.9.2\repo\org\yaml\snakeyaml\1.25\snakeyaml-1.25.jar;E:\apache-maven-3.9.2\repo\org\springframework\boot\spring-boot-test\2.2.5.RELEASE\spring-boot-test-2.2.5.RELEASE.jar;E:\apache-maven-3.9.2\repo\org\springframework\boot\spring-boot-test-autoconfigure\2.2.5.RELEASE\spring-boot-test-autoconfigure-2.2.5.RELEASE.jar;E:\apache-maven-3.9.2\repo\com\jayway\jsonpath\json-path\2.4.0\json-path-2.4.0.jar;E:\apache-maven-3.9.2\repo\net\minidev\json-smart\2.3\json-smart-2.3.jar;E:\apache-maven-3.9.2\repo\net\minidev\accessors-smart\1.2\accessors-smart-1.2.jar;E:\apache-maven-3.9.2\repo\org\ow2\asm\asm\5.0.4\asm-5.0.4.jar;E:\apache-maven-3.9.2\repo\org\slf4j\slf4j-api\1.7.30\slf4j-api-1.7.30.jar;E:\apache-maven-3.9.2\repo\jakarta\xml\bind\jakarta.xml.bind-api\2.3.2\jakarta.xml.bind-api-2.3.2.jar;E:\apache-maven-3.9.2\repo\jakarta\activation\jakarta.activation-api\1.2.2\jakarta.activation-api-1.2.2.jar;E:\apache-maven-3.9.2\repo\org\junit\jupiter\junit-jupiter\5.5.2\junit-jupiter-5.5.2.jar;E:\apache-maven-3.9.2\repo\org\junit\jupiter\junit-jupiter-api\5.5.2\junit-jupiter-api-5.5.2.jar;E:\apache-maven-3.9.2\repo\org\opentest4j\opentest4j\1.2.0\opentest4j-1.2.0.jar;E:\apache-maven-3.9.2\repo\org\junit\platform\junit-platform-commons\1.5.2\junit-platform-commons-1.5.2.jar;E:\apache-maven-3.9.2\repo\org\junit\jupiter\junit-jupiter-params\5.5.2\junit-jupiter-params-5.5.2.jar;E:\apache-maven-3.9.2\repo\org\junit\jupiter\junit-jupiter-engine\5.5.2\junit-jupiter-engine-5.5.2.jar;E:\apache-maven-3.9.2\repo\org\junit\vintage\junit-vintage-engine\5.5.2\junit-vintage-engine-5.5.2.jar;E:\apache-maven-3.9.2\repo\org\apiguardian\apiguardian-api\1.1.0\apiguardian-api-1.1.0.jar;E:\apache-maven-3.9.2\repo\org\junit\platform\junit-platform-engine\1.5.2\junit-platform-engine-1.5.2.jar;E:\apache-maven-3.9.2\repo\junit\junit\4.12\junit-4.12.jar;E:\apache-maven-3.9.2\repo\org\mockito\mockito-junit-jupiter\3.1.0\mockito-junit-jupiter-3.1.0.jar;E:\apache-maven-3.9.2\repo\org\assertj\assertj-core\3.13.2\assertj-core-3.13.2.jar;E:\apache-maven-3.9.2\repo\org\hamcrest\hamcrest\2.1\hamcrest-2.1.jar;E:\apache-maven-3.9.2\repo\org\mockito\mockito-core\3.1.0\mockito-core-3.1.0.jar;E:\apache-maven-3.9.2\repo\net\bytebuddy\byte-buddy\1.10.8\byte-buddy-1.10.8.jar;E:\apache-maven-3.9.2\repo\net\bytebuddy\byte-buddy-agent\1.10.8\byte-buddy-agent-1.10.8.jar;E:\apache-maven-3.9.2\repo\org\objenesis\objenesis\2.6\objenesis-2.6.jar;E:\apache-maven-3.9.2\repo\org\skyscreamer\jsonassert\1.5.0\jsonassert-1.5.0.jar;E:\apache-maven-3.9.2\repo\com\vaadin\external\google\android-json\0.0.20131108.vaadin1\android-json-0.0.20131108.vaadin1.jar;E:\apache-maven-3.9.2\repo\org\springframework\spring-core\5.2.4.RELEASE\spring-core-5.2.4.RELEASE.jar;E:\apache-maven-3.9.2\repo\org\springframework\spring-jcl\5.2.4.RELEASE\spring-jcl-5.2.4.RELEASE.jar;E:\apache-maven-3.9.2\repo\org\springframework\spring-test\5.2.4.RELEASE\spring-test-5.2.4.RELEASE.jar;E:\apache-maven-3.9.2\repo\org\xmlunit\xmlunit-core\2.6.3\xmlunit-core-2.6.3.jar;"/>
    <property name="sun.cpu.endian" value="little"/>
    <property name="user.home" value="C:\Users\termi"/>
    <property name="user.language" value="zh"/>
    <property name="java.specification.vendor" value="Oracle Corporation"/>
    <property name="java.version.date" value="2023-01-17"/>
    <property name="java.home" value="C:\Program Files\Java\zulu11.62.17-ca-jdk11.0.18-win_x64"/>
    <property name="file.separator" value="\"/>
    <property name="basedir" value="E:\JavaEEcode\spring-cloud-docker-master\ems-departments"/>
    <property name="java.vm.compressedOopsMode" value="Zero based"/>
    <property name="line.separator" value="&#10;"/>
    <property name="java.specification.name" value="Java Platform API Specification"/>
    <property name="java.vm.specification.vendor" value="Oracle Corporation"/>
    <property name="jdk.vendor.version" value="Zulu11.62+17-CA"/>
    <property name="java.awt.graphicsenv" value="sun.awt.Win32GraphicsEnvironment"/>
    <property name="surefire.real.class.path" value="C:\Users\termi\AppData\Local\Temp\surefire3031255569717640709\surefirebooter6630313924030455522.jar"/>
    <property name="user.script" value=""/>
    <property name="sun.management.compiler" value="HotSpot 64-Bit Tiered Compilers"/>
    <property name="java.runtime.version" value="11.0.18+10-LTS"/>
    <property name="user.name" value="termi"/>
    <property name="path.separator" value=";"/>
    <property name="os.version" value="10.0"/>
    <property name="java.runtime.name" value="OpenJDK Runtime Environment"/>
    <property name="file.encoding" value="GBK"/>
    <property name="java.vm.name" value="OpenJDK 64-Bit Server VM"/>
    <property name="java.vendor.version" value="Zulu11.62+17-CA"/>
    <property name="localRepository" value="E:\apache-maven-3.9.2\repo"/>
    <property name="java.vendor.url.bug" value="http://www.azul.com/support/"/>
    <property name="java.io.tmpdir" value="C:\Users\termi\AppData\Local\Temp\"/>
    <property name="idea.version" value="2023.1.2"/>
    <property name="java.version" value="11.0.18"/>
    <property name="user.dir" value="E:\JavaEEcode\spring-cloud-docker-master\ems-departments"/>
    <property name="os.arch" value="amd64"/>
    <property name="java.vm.specification.name" value="Java Virtual Machine Specification"/>
    <property name="java.awt.printerjob" value="sun.awt.windows.WPrinterJob"/>
    <property name="sun.os.patch.level" value=""/>
    <property name="java.library.path" value="C:\Program Files\Java\zulu11.62.17-ca-jdk11.0.18-win_x64\bin;C:\WINDOWS\Sun\Java\bin;C:\WINDOWS\system32;C:\WINDOWS;D:\VMware\VMware Workstation\bin\;E:\apache-maven-3.9.2\bin;D:\Anaconda3;D:\Anaconda3\Library\mingw-w64\bin;D:\Anaconda3\Library\usr\bin;D:\Anaconda3\Library\bin;D:\Anaconda3\Scripts;C:\Program Files (x86)\Common Files\Oracle\Java\javapath;C:\Program Files\Java\zulu8.68.0.21-ca-jdk8.0.362-win_x64\jre\bin;C:\Program Files\Java\zulu8.68.0.21-ca-jdk8.0.362-win_x64\bin;C:\WINDOWS\system32;C:\WINDOWS;C:\WINDOWS\System32\Wbem;C:\WINDOWS\System32\WindowsPowerShell\v1.0\;C:\WINDOWS\System32\OpenSSH\;C:\Program Files\Bandizip\;D:\Tencent\微信web开发者工具\dll;C:\Program Files\Git\cmd;D:\Xftp\;D:\Xshell\;C:\Users\termi\AppData\Local\Programs\Python\Python310;C:\Program Files\TortoiseGit\bin;C:\Program Files\dotnet\;C:\Program Files\Docker\Docker\resources\bin;C:\Program Files\PowerShell\7\;C:\Users\termi\AppData\Local\Microsoft\WindowsApps;;C:\Users\termi\AppData\Local\JetBrains\Toolbox\scripts;D:\Microsoft VS Code\bin;C:\Users\termi\AppData\Local\Microsoft\WindowsApps;."/>
    <property name="java.vm.info" value="mixed mode"/>
    <property name="java.vendor" value="Azul Systems, Inc."/>
    <property name="java.vm.version" value="11.0.18+10-LTS"/>
    <property name="sun.io.unicode.encoding" value="UnicodeLittle"/>
    <property name="maven.repo.local" value="E:\apache-maven-3.9.2\repo"/>
    <property name="java.class.version" value="55.0"/>
  </properties>
  <testcase name="contextLoads" classname="com.ylc.emsdepartments.EmsDepartmentsApplicationTests" time="1.578"/>
</testsuite>